app/build/intermediates/manifest_merge_blame_file/release/manifest-merger-blame-release-report.txt
1<?xml version="1.0" encoding="utf-8"?>
2<manifest xmlns:android="http://schemas.android.com/apk/res/android"
3    package="com.naveen.browser"
4    android:versionCode="1"
5    android:versionName="1.0.0" >
6
7    <uses-sdk
8        android:minSdkVersion="23"
9        android:targetSdkVersion="34" />
10
11    <uses-permission android:name="android.permission.INTERNET" />
11-->src\main\AndroidManifest.xml:6:5-67
11-->src\main\AndroidManifest.xml:6:22-64
12    <uses-permission android:name="android.permission.ACCESS_NETWORK_STATE" />
12-->src\main\AndroidManifest.xml:7:5-79
12-->src\main\AndroidManifest.xml:7:22-76
13    <uses-permission
13-->src\main\AndroidManifest.xml:8:5-107
14        android:name="android.permission.READ_EXTERNAL_STORAGE"
14-->src\main\AndroidManifest.xml:8:22-77
15        android:maxSdkVersion="32" />
15-->src\main\AndroidManifest.xml:8:78-104
16    <uses-permission
16-->src\main\AndroidManifest.xml:9:5-137
17        android:name="android.permission.WRITE_EXTERNAL_STORAGE"
17-->src\main\AndroidManifest.xml:9:22-78
18        android:maxSdkVersion="28" />
18-->src\main\AndroidManifest.xml:9:79-105
19    <uses-permission android:name="android.permission.CAMERA" />
19-->src\main\AndroidManifest.xml:10:5-65
19-->src\main\AndroidManifest.xml:10:22-62
20    <uses-permission android:name="android.permission.RECORD_AUDIO" />
20-->src\main\AndroidManifest.xml:11:5-71
20-->src\main\AndroidManifest.xml:11:22-68
21    <uses-permission android:name="android.permission.ACCESS_FINE_LOCATION" />
21-->src\main\AndroidManifest.xml:12:5-79
21-->src\main\AndroidManifest.xml:12:22-76
22    <uses-permission android:name="android.permission.ACCESS_COARSE_LOCATION" />
22-->src\main\AndroidManifest.xml:13:5-81
22-->src\main\AndroidManifest.xml:13:22-78
23    <uses-permission android:name="android.permission.POST_NOTIFICATIONS" />
23-->src\main\AndroidManifest.xml:14:5-77
23-->src\main\AndroidManifest.xml:14:22-74
24
25    <uses-feature
25-->src\main\AndroidManifest.xml:16:5-85
26        android:name="android.hardware.camera"
26-->src\main\AndroidManifest.xml:16:19-57
27        android:required="false" />
27-->src\main\AndroidManifest.xml:16:58-82
28    <uses-feature
28-->src\main\AndroidManifest.xml:17:5-95
29        android:name="android.hardware.camera.autofocus"
29-->src\main\AndroidManifest.xml:17:19-67
30        android:required="false" />
30-->src\main\AndroidManifest.xml:17:68-92
31    <uses-feature
31-->src\main\AndroidManifest.xml:18:5-91
32        android:name="android.hardware.location.gps"
32-->src\main\AndroidManifest.xml:18:19-63
33        android:required="false" />
33-->src\main\AndroidManifest.xml:18:64-88
34
35    <permission
35-->[androidx.core:core:1.9.0] AndroidManifest.xml:22:5-24:47
36        android:name="com.naveen.browser.DYNAMIC_RECEIVER_NOT_EXPORTED_PERMISSION"
36-->[androidx.core:core:1.9.0] AndroidManifest.xml:23:9-81
37        android:protectionLevel="signature" />
37-->[androidx.core:core:1.9.0] AndroidManifest.xml:24:9-44
38
39    <uses-permission android:name="com.naveen.browser.DYNAMIC_RECEIVER_NOT_EXPORTED_PERMISSION" />
39-->[androidx.core:core:1.9.0] AndroidManifest.xml:26:5-97
39-->[androidx.core:core:1.9.0] AndroidManifest.xml:26:22-94
40
41    <application
41-->src\main\AndroidManifest.xml:20:5-109:19
42        android:allowBackup="true"
42-->src\main\AndroidManifest.xml:21:9-35
43        android:appComponentFactory="androidx.core.app.CoreComponentFactory"
43-->[androidx.core:core:1.9.0] AndroidManifest.xml:28:18-86
44        android:dataExtractionRules="@xml/file_paths"
44-->src\main\AndroidManifest.xml:22:9-54
45        android:extractNativeLibs="false"
46        android:fullBackupContent="true"
46-->src\main\AndroidManifest.xml:23:9-41
47        android:hardwareAccelerated="true"
47-->src\main\AndroidManifest.xml:30:9-43
48        android:icon="@drawable/ic_browser"
48-->src\main\AndroidManifest.xml:24:9-44
49        android:label="@string/app_name"
49-->src\main\AndroidManifest.xml:25:9-41
50        android:roundIcon="@drawable/ic_browser"
50-->src\main\AndroidManifest.xml:26:9-49
51        android:supportsRtl="true"
51-->src\main\AndroidManifest.xml:27:9-35
52        android:theme="@style/AppTheme"
52-->src\main\AndroidManifest.xml:28:9-40
53        android:usesCleartextTraffic="true" >
53-->src\main\AndroidManifest.xml:29:9-44
54        <activity
54-->src\main\AndroidManifest.xml:32:9-40:20
55            android:name="com.naveen.browser.SplashActivity"
55-->src\main\AndroidManifest.xml:33:13-43
56            android:exported="true"
56-->src\main\AndroidManifest.xml:34:13-36
57            android:theme="@style/AppTheme" >
57-->src\main\AndroidManifest.xml:35:13-44
58            <intent-filter>
58-->src\main\AndroidManifest.xml:36:13-39:29
59                <action android:name="android.intent.action.MAIN" />
59-->src\main\AndroidManifest.xml:37:17-69
59-->src\main\AndroidManifest.xml:37:25-66
60
61                <category android:name="android.intent.category.LAUNCHER" />
61-->src\main\AndroidManifest.xml:38:17-77
61-->src\main\AndroidManifest.xml:38:27-74
62            </intent-filter>
63        </activity>
64        <activity
64-->src\main\AndroidManifest.xml:42:9-45:47
65            android:name="com.naveen.browser.OnboardingActivity"
65-->src\main\AndroidManifest.xml:43:13-47
66            android:exported="false"
66-->src\main\AndroidManifest.xml:44:13-37
67            android:theme="@style/AppTheme" />
67-->src\main\AndroidManifest.xml:45:13-44
68        <activity
68-->src\main\AndroidManifest.xml:47:9-51:58
69            android:name="com.naveen.browser.DownloadsActivity"
69-->src\main\AndroidManifest.xml:48:13-46
70            android:exported="false"
70-->src\main\AndroidManifest.xml:49:13-37
71            android:parentActivityName="com.naveen.browser.MainActivity"
71-->src\main\AndroidManifest.xml:51:13-55
72            android:theme="@style/AppTheme" />
72-->src\main\AndroidManifest.xml:50:13-44
73        <activity
73-->src\main\AndroidManifest.xml:53:9-79:20
74            android:name="com.naveen.browser.MainActivity"
74-->src\main\AndroidManifest.xml:54:13-41
75            android:configChanges="orientation|screenSize|keyboardHidden"
75-->src\main\AndroidManifest.xml:56:13-74
76            android:exported="true"
76-->src\main\AndroidManifest.xml:55:13-36
77            android:theme="@style/AppTheme"
77-->src\main\AndroidManifest.xml:58:13-44
78            android:windowSoftInputMode="adjustResize" >
78-->src\main\AndroidManifest.xml:57:13-55
79
80            <!-- Handles Web Browsing Intents -->
81            <intent-filter>
81-->src\main\AndroidManifest.xml:61:13-67:29
82                <action android:name="android.intent.action.VIEW" />
82-->src\main\AndroidManifest.xml:62:17-69
82-->src\main\AndroidManifest.xml:62:25-66
83
84                <category android:name="android.intent.category.DEFAULT" />
84-->src\main\AndroidManifest.xml:63:17-76
84-->src\main\AndroidManifest.xml:63:27-73
85                <category android:name="android.intent.category.BROWSABLE" />
85-->src\main\AndroidManifest.xml:64:17-78
85-->src\main\AndroidManifest.xml:64:27-75
86
87                <data android:scheme="http" />
87-->src\main\AndroidManifest.xml:65:17-47
87-->src\main\AndroidManifest.xml:65:23-44
88                <data android:scheme="https" />
88-->src\main\AndroidManifest.xml:65:17-47
88-->src\main\AndroidManifest.xml:65:23-44
89            </intent-filter>
90            <intent-filter>
90-->src\main\AndroidManifest.xml:69:13-78:29
91                <action android:name="android.intent.action.VIEW" />
91-->src\main\AndroidManifest.xml:62:17-69
91-->src\main\AndroidManifest.xml:62:25-66
92
93                <category android:name="android.intent.category.DEFAULT" />
93-->src\main\AndroidManifest.xml:63:17-76
93-->src\main\AndroidManifest.xml:63:27-73
94                <category android:name="android.intent.category.BROWSABLE" />
94-->src\main\AndroidManifest.xml:64:17-78
94-->src\main\AndroidManifest.xml:64:27-75
95
96                <data android:scheme="file" />
96-->src\main\AndroidManifest.xml:65:17-47
96-->src\main\AndroidManifest.xml:65:23-44
97                <data android:scheme="content" />
97-->src\main\AndroidManifest.xml:65:17-47
97-->src\main\AndroidManifest.xml:65:23-44
98                <data android:mimeType="text/html" />
98-->src\main\AndroidManifest.xml:65:17-47
98-->src\main\AndroidManifest.xml:75:23-51
99                <data android:mimeType="text/plain" />
99-->src\main\AndroidManifest.xml:65:17-47
99-->src\main\AndroidManifest.xml:75:23-51
100                <data android:mimeType="application/xhtml+xml" />
100-->src\main\AndroidManifest.xml:65:17-47
100-->src\main\AndroidManifest.xml:75:23-51
101            </intent-filter>
102        </activity>
103        <activity
103-->src\main\AndroidManifest.xml:81:9-85:58
104            android:name="com.naveen.browser.BookmarksActivity"
104-->src\main\AndroidManifest.xml:82:13-46
105            android:exported="false"
105-->src\main\AndroidManifest.xml:83:13-37
106            android:label="@string/bookmarks"
106-->src\main\AndroidManifest.xml:84:13-46
107            android:parentActivityName="com.naveen.browser.MainActivity" />
107-->src\main\AndroidManifest.xml:85:13-55
108        <activity
108-->src\main\AndroidManifest.xml:87:9-91:58
109            android:name="com.naveen.browser.HistoryActivity"
109-->src\main\AndroidManifest.xml:88:13-44
110            android:exported="false"
110-->src\main\AndroidManifest.xml:89:13-37
111            android:label="@string/history"
111-->src\main\AndroidManifest.xml:90:13-44
112            android:parentActivityName="com.naveen.browser.MainActivity" />
112-->src\main\AndroidManifest.xml:91:13-55
113        <activity
113-->src\main\AndroidManifest.xml:93:9-97:58
114            android:name="com.naveen.browser.SettingsActivity"
114-->src\main\AndroidManifest.xml:94:13-45
115            android:exported="false"
115-->src\main\AndroidManifest.xml:95:13-37
116            android:label="@string/settings"
116-->src\main\AndroidManifest.xml:96:13-45
117            android:parentActivityName="com.naveen.browser.MainActivity" />
117-->src\main\AndroidManifest.xml:97:13-55
118
119        <provider
119-->src\main\AndroidManifest.xml:99:9-107:20
120            android:name="androidx.core.content.FileProvider"
120-->src\main\AndroidManifest.xml:100:13-62
121            android:authorities="com.naveen.browser.fileprovider"
121-->src\main\AndroidManifest.xml:101:13-66
122            android:exported="false"
122-->src\main\AndroidManifest.xml:102:13-37
123            android:grantUriPermissions="true" >
123-->src\main\AndroidManifest.xml:103:13-47
124            <meta-data
124-->src\main\AndroidManifest.xml:104:13-106:54
125                android:name="android.support.FILE_PROVIDER_PATHS"
125-->src\main\AndroidManifest.xml:105:17-67
126                android:resource="@xml/file_paths" />
126-->src\main\AndroidManifest.xml:106:17-51
127        </provider>
128        <provider
128-->[androidx.emoji2:emoji2:1.2.0] AndroidManifest.xml:24:9-32:20
129            android:name="androidx.startup.InitializationProvider"
129-->[androidx.emoji2:emoji2:1.2.0] AndroidManifest.xml:25:13-67
130            android:authorities="com.naveen.browser.androidx-startup"
130-->[androidx.emoji2:emoji2:1.2.0] AndroidManifest.xml:26:13-68
131            android:exported="false" >
131-->[androidx.emoji2:emoji2:1.2.0] AndroidManifest.xml:27:13-37
132            <meta-data
132-->[androidx.emoji2:emoji2:1.2.0] AndroidManifest.xml:29:13-31:52
133                android:name="androidx.emoji2.text.EmojiCompatInitializer"
133-->[androidx.emoji2:emoji2:1.2.0] AndroidManifest.xml:30:17-75
134                android:value="androidx.startup" />
134-->[androidx.emoji2:emoji2:1.2.0] AndroidManifest.xml:31:17-49
135            <meta-data
135-->[androidx.lifecycle:lifecycle-process:2.6.1] AndroidManifest.xml:29:13-31:52
136                android:name="androidx.lifecycle.ProcessLifecycleInitializer"
136-->[androidx.lifecycle:lifecycle-process:2.6.1] AndroidManifest.xml:30:17-78
137                android:value="androidx.startup" />
137-->[androidx.lifecycle:lifecycle-process:2.6.1] AndroidManifest.xml:31:17-49
138            <meta-data
138-->[androidx.profileinstaller:profileinstaller:1.3.0] AndroidManifest.xml:29:13-31:52
139                android:name="androidx.profileinstaller.ProfileInstallerInitializer"
139-->[androidx.profileinstaller:profileinstaller:1.3.0] AndroidManifest.xml:30:17-85
140                android:value="androidx.startup" />
140-->[androidx.profileinstaller:profileinstaller:1.3.0] AndroidManifest.xml:31:17-49
141        </provider>
142
143        <receiver
143-->[androidx.profileinstaller:profileinstaller:1.3.0] AndroidManifest.xml:34:9-52:20
144            android:name="androidx.profileinstaller.ProfileInstallReceiver"
144-->[androidx.profileinstaller:profileinstaller:1.3.0] AndroidManifest.xml:35:13-76
145            android:directBootAware="false"
145-->[androidx.profileinstaller:profileinstaller:1.3.0] AndroidManifest.xml:36:13-44
146            android:enabled="true"
146-->[androidx.profileinstaller:profileinstaller:1.3.0] AndroidManifest.xml:37:13-35
147            android:exported="true"
147-->[androidx.profileinstaller:profileinstaller:1.3.0] AndroidManifest.xml:38:13-36
148            android:permission="android.permission.DUMP" >
148-->[androidx.profileinstaller:profileinstaller:1.3.0] AndroidManifest.xml:39:13-57
149            <intent-filter>
149-->[androidx.profileinstaller:profileinstaller:1.3.0] AndroidManifest.xml:40:13-42:29
150                <action android:name="androidx.profileinstaller.action.INSTALL_PROFILE" />
150-->[androidx.profileinstaller:profileinstaller:1.3.0] AndroidManifest.xml:41:17-91
150-->[androidx.profileinstaller:profileinstaller:1.3.0] AndroidManifest.xml:41:25-88
151            </intent-filter>
152            <intent-filter>
152-->[androidx.profileinstaller:profileinstaller:1.3.0] AndroidManifest.xml:43:13-45:29
153                <action android:name="androidx.profileinstaller.action.SKIP_FILE" />
153-->[androidx.profileinstaller:profileinstaller:1.3.0] AndroidManifest.xml:44:17-85
153-->[androidx.profileinstaller:profileinstaller:1.3.0] AndroidManifest.xml:44:25-82
154            </intent-filter>
155            <intent-filter>
155-->[androidx.profileinstaller:profileinstaller:1.3.0] AndroidManifest.xml:46:13-48:29
156                <action android:name="androidx.profileinstaller.action.SAVE_PROFILE" />
156-->[androidx.profileinstaller:profileinstaller:1.3.0] AndroidManifest.xml:47:17-88
156-->[androidx.profileinstaller:profileinstaller:1.3.0] AndroidManifest.xml:47:25-85
157            </intent-filter>
158            <intent-filter>
158-->[androidx.profileinstaller:profileinstaller:1.3.0] AndroidManifest.xml:49:13-51:29
159                <action android:name="androidx.profileinstaller.action.BENCHMARK_OPERATION" />
159-->[androidx.profileinstaller:profileinstaller:1.3.0] AndroidManifest.xml:50:17-95
159-->[androidx.profileinstaller:profileinstaller:1.3.0] AndroidManifest.xml:50:25-92
160            </intent-filter>
161        </receiver>
162    </application>
163
164</manifest>